[INFO] Scanning for projects...
[INFO] 
[INFO] --------------------< com.procurement:procurement >---------------------
[INFO] Building procurement 0.0.1-SNAPSHOT
[INFO]   from pom.xml
[INFO] --------------------------------[ jar ]---------------------------------
[INFO] 
[INFO] >>> spring-boot:3.2.5:run (default-cli) > test-compile @ procurement >>>
[INFO] 
[INFO] --- resources:3.3.1:resources (default-resources) @ procurement ---
[INFO] Copying 1 resource from src\main\resources to target\classes
[INFO] Copying 0 resource from src\main\resources to target\classes
[INFO] 
[INFO] --- compiler:3.11.0:compile (default-compile) @ procurement ---
[INFO] Nothing to compile - all classes are up to date
[INFO] 
[INFO] --- resources:3.3.1:testResources (default-testResources) @ procurement ---
[INFO] skip non existing resourceDirectory C:\Users\PILR\Desktop\Study\smart_procurement_vendor_management_system_new-main\src\test\resources
[INFO] 
[INFO] --- compiler:3.11.0:testCompile (default-testCompile) @ procurement ---
[INFO] Nothing to compile - all classes are up to date
[INFO] 
[INFO] <<< spring-boot:3.2.5:run (default-cli) < test-compile @ procurement <<<
[INFO] 
[INFO] 
[INFO] --- spring-boot:3.2.5:run (default-cli) @ procurement ---
Terminate batch job (Y/N)? 